<?xml version="1.0" encoding="UTF-8"?>
<!-- Generated by org.testng.reporters.JUnitReportReporter -->
<testsuite skipped="0" hostname="DESKTOP-0BGE448" name="com.testCases.TC9" tests="1" failures="0" timestamp="23 Feb 2022 18:43:51 GMT" time="7.757" errors="0">
  <testcase name="SignUptest" time="7.757" classname="com.testCases.TC9"/>
</testsuite> <!-- com.testCases.TC9 -->
