<?xml version="1.0" encoding="UTF-8"?>
<!-- Generated by org.testng.reporters.JUnitReportReporter -->
<testsuite skipped="0" hostname="DESKTOP-0BGE448" name="com.testCases.TC07" tests="1" failures="0" timestamp="23 Feb 2022 17:40:41 GMT" time="5.065" errors="0">
  <testcase name="SignUptest" time="5.065" classname="com.testCases.TC07"/>
</testsuite> <!-- com.testCases.TC07 -->
