<?xml version="1.0" encoding="UTF-8"?>
<!-- Generated by org.testng.reporters.JUnitReportReporter -->
<testsuite skipped="0" hostname="DESKTOP-0BGE448" name="com.testCases.CA_LandingTest" tests="1" failures="0" timestamp="10 Mar 2022 04:17:56 GMT" time="3.902" errors="0">
  <testcase name="SignUptest" time="3.902" classname="com.testCases.CA_LandingTest"/>
</testsuite> <!-- com.testCases.CA_LandingTest -->
