<?xml version="1.0" encoding="UTF-8"?>
<!-- Generated by org.testng.reporters.JUnitReportReporter -->
<testsuite skipped="0" hostname="DESKTOP-0BGE448" name="com.testCases.TC021" tests="1" failures="0" timestamp="24 Feb 2022 20:10:34 GMT" time="5.444" errors="0">
  <testcase name="SignUptest" time="5.444" classname="com.testCases.TC021"/>
</testsuite> <!-- com.testCases.TC021 -->
