<?xml version="1.0" encoding="UTF-8"?>
<!-- Generated by org.testng.reporters.JUnitReportReporter -->
<testsuite skipped="0" hostname="DESKTOP-0BGE448" name="com.testCases.JMB_TC_008" tests="2" failures="0" timestamp="14 Mar 2022 18:34:50 GMT" time="19.481" errors="0">
  <testcase name="LandingPageTest" time="10.358" classname="com.testCases.JMB_TC_008"/>
  <testcase name="SignUpTest" time="9.123" classname="com.testCases.JMB_TC_008"/>
</testsuite> <!-- com.testCases.JMB_TC_008 -->
