<?xml version="1.0" encoding="UTF-8"?>
<!-- Generated by org.testng.reporters.JUnitReportReporter -->
<testsuite skipped="0" hostname="DESKTOP-0BGE448" name="com.testCases.JMB_TC_010" tests="5" failures="0" timestamp="17 Mar 2022 01:20:53 GMT" time="12.780" errors="0">
  <testcase name="LandingPageTest" time="3.732" classname="com.testCases.JMB_TC_010"/>
  <testcase name="SignUp" time="1.810" classname="com.testCases.JMB_TC_010"/>
  <testcase name="SignUp" time="2.894" classname="com.testCases.JMB_TC_010"/>
  <testcase name="SignUp" time="2.372" classname="com.testCases.JMB_TC_010"/>
  <testcase name="SignUp" time="1.972" classname="com.testCases.JMB_TC_010"/>
</testsuite> <!-- com.testCases.JMB_TC_010 -->
