<?xml version="1.0" encoding="UTF-8"?>
<!-- Generated by org.testng.reporters.JUnitReportReporter -->
<testsuite skipped="0" hostname="DESKTOP-0BGE448" name="com.testCases.JMB_TC_003" tests="5" failures="0" timestamp="17 Mar 2022 00:29:54 GMT" time="13.109" errors="0">
  <testcase name="LandingPageTest" time="5.408" classname="com.testCases.JMB_TC_003"/>
  <testcase name="SignUp" time="1.833" classname="com.testCases.JMB_TC_003"/>
  <testcase name="SignUp" time="1.934" classname="com.testCases.JMB_TC_003"/>
  <testcase name="SignUp" time="2.098" classname="com.testCases.JMB_TC_003"/>
  <testcase name="SignUp" time="1.836" classname="com.testCases.JMB_TC_003"/>
</testsuite> <!-- com.testCases.JMB_TC_003 -->
