<?xml version="1.0" encoding="UTF-8"?>
<!-- Generated by org.testng.reporters.JUnitReportReporter -->
<testsuite skipped="0" hostname="DESKTOP-0BGE448" name="com.testCases.TC020" tests="1" failures="0" timestamp="24 Feb 2022 20:09:17 GMT" time="6.052" errors="0">
  <testcase name="SignUptest" time="6.052" classname="com.testCases.TC020"/>
</testsuite> <!-- com.testCases.TC020 -->
