<?xml version="1.0" encoding="UTF-8"?>
<!-- Generated by org.testng.reporters.JUnitReportReporter -->
<testsuite skipped="0" hostname="DESKTOP-0BGE448" name="com.testCases.TC006" tests="1" failures="0" timestamp="24 Feb 2022 14:43:20 GMT" time="4.000" errors="0">
  <testcase name="SignUptest" time="4.000" classname="com.testCases.TC006"/>
</testsuite> <!-- com.testCases.TC006 -->
