<?xml version="1.0" encoding="UTF-8"?>
<!-- Generated by org.testng.reporters.JUnitReportReporter -->
<testsuite skipped="0" hostname="DESKTOP-0BGE448" name="com.testCases.TC012" tests="1" failures="0" timestamp="24 Feb 2022 15:14:02 GMT" time="3.458" errors="0">
  <testcase name="SignUptest" time="3.458" classname="com.testCases.TC012"/>
</testsuite> <!-- com.testCases.TC012 -->
