<?xml version="1.0" encoding="UTF-8"?>
<!-- Generated by org.testng.reporters.JUnitReportReporter -->
<testsuite skipped="0" hostname="DESKTOP-0BGE448" name="com.testCases.TC003" tests="1" failures="0" timestamp="24 Feb 2022 14:32:12 GMT" time="3.781" errors="0">
  <testcase name="SignUptest" time="3.781" classname="com.testCases.TC003"/>
</testsuite> <!-- com.testCases.TC003 -->
