<?xml version="1.0" encoding="UTF-8"?>
<!-- Generated by org.testng.reporters.JUnitReportReporter -->
<testsuite skipped="0" hostname="DESKTOP-0BGE448" name="com.testCases.JMB_TC_004" tests="5" failures="0" timestamp="16 Mar 2022 15:18:27 GMT" time="10.025" errors="0">
  <testcase name="LandingPageTest" time="2.060" classname="com.testCases.JMB_TC_004"/>
  <testcase name="SignUp" time="2.121" classname="com.testCases.JMB_TC_004"/>
  <testcase name="SignUp" time="1.872" classname="com.testCases.JMB_TC_004"/>
  <testcase name="SignUp" time="2.204" classname="com.testCases.JMB_TC_004"/>
  <testcase name="SignUp" time="1.768" classname="com.testCases.JMB_TC_004"/>
</testsuite> <!-- com.testCases.JMB_TC_004 -->
