<?xml version="1.0" encoding="UTF-8"?>
<!-- Generated by org.testng.reporters.JUnitReportReporter -->
<testsuite skipped="0" hostname="DESKTOP-0BGE448" name="com.testCases.TC12" tests="1" failures="0" timestamp="23 Feb 2022 21:58:47 GMT" time="6.686" errors="0">
  <testcase name="SignUptest" time="6.686" classname="com.testCases.TC12"/>
</testsuite> <!-- com.testCases.TC12 -->
