<?xml version="1.0" encoding="UTF-8"?>
<!-- Generated by org.testng.reporters.JUnitReportReporter -->
<testsuite skipped="0" hostname="DESKTOP-0BGE448" name="com.testCases.JMB_TC_005" tests="2" failures="0" timestamp="17 Mar 2022 10:44:25 GMT" time="8.531" errors="0">
  <testcase name="LandingPageTest" time="2.743" classname="com.testCases.JMB_TC_005"/>
  <testcase name="SignUp" time="5.788" classname="com.testCases.JMB_TC_005"/>
</testsuite> <!-- com.testCases.JMB_TC_005 -->
