<?xml version="1.0" encoding="UTF-8"?>
<!-- Generated by org.testng.reporters.JUnitReportReporter -->
<testsuite skipped="0" hostname="DESKTOP-0BGE448" name="com.testCases.JMB_TC_001" tests="1" failures="0" timestamp="16 Mar 2022 23:55:24 GMT" time="3.031" errors="0">
  <testcase name="LandingPageTest" time="3.031" classname="com.testCases.JMB_TC_001"/>
</testsuite> <!-- com.testCases.JMB_TC_001 -->
