<?xml version="1.0" encoding="UTF-8"?>
<!-- Generated by org.testng.reporters.JUnitReportReporter -->
<testsuite skipped="0" hostname="DESKTOP-0BGE448" name="com.testCases.TC1" tests="1" failures="0" timestamp="10 Mar 2022 05:23:32 GMT" time="7.723" errors="0">
  <testcase name="SignUptest" time="7.723" classname="com.testCases.TC1"/>
</testsuite> <!-- com.testCases.TC1 -->
