<?xml version="1.0" encoding="UTF-8"?>
<!-- Generated by org.testng.reporters.JUnitReportReporter -->
<testsuite skipped="0" hostname="DESKTOP-0BGE448" name="com.testCases.TC004" tests="1" failures="0" timestamp="24 Feb 2022 14:35:16 GMT" time="3.252" errors="0">
  <testcase name="SignUptest" time="3.252" classname="com.testCases.TC004"/>
</testsuite> <!-- com.testCases.TC004 -->
