<?xml version="1.0" encoding="UTF-8"?>
<!-- Generated by org.testng.reporters.JUnitReportReporter -->
<testsuite skipped="0" hostname="DESKTOP-0BGE448" name="com.testCases.TC007" tests="1" failures="0" timestamp="24 Feb 2022 14:48:26 GMT" time="3.358" errors="0">
  <testcase name="SignUptest" time="3.358" classname="com.testCases.TC007"/>
</testsuite> <!-- com.testCases.TC007 -->
