<?xml version="1.0" encoding="UTF-8"?>
<!-- Generated by org.testng.reporters.JUnitReportReporter -->
<testsuite skipped="0" hostname="DESKTOP-0BGE448" name="com.testCases.TC014" tests="1" failures="0" timestamp="24 Feb 2022 19:22:13 GMT" time="2.939" errors="0">
  <testcase name="SignUptest" time="2.939" classname="com.testCases.TC014"/>
</testsuite> <!-- com.testCases.TC014 -->
