<?xml version="1.0" encoding="UTF-8"?>
<!-- Generated by org.testng.reporters.JUnitReportReporter -->
<testsuite skipped="0" hostname="DESKTOP-0BGE448" name="com.testCases.JMB_TC_012" tests="2" failures="0" timestamp="14 Mar 2022 21:42:55 GMT" time="6.006" errors="0">
  <testcase name="LandingPageTest" time="3.451" classname="com.testCases.JMB_TC_012"/>
  <testcase name="SignUpTest" time="2.555" classname="com.testCases.JMB_TC_012"/>
</testsuite> <!-- com.testCases.JMB_TC_012 -->
