<?xml version="1.0" encoding="UTF-8"?>
<!-- Generated by org.testng.reporters.JUnitReportReporter -->
<testsuite skipped="0" hostname="DESKTOP-0BGE448" name="com.testCases.JMB_TC_014" tests="2" failures="0" timestamp="14 Mar 2022 20:15:48 GMT" time="10.589" errors="0">
  <testcase name="LandingPageTest" time="6.308" classname="com.testCases.JMB_TC_014"/>
  <testcase name="SignUpTest" time="4.281" classname="com.testCases.JMB_TC_014"/>
</testsuite> <!-- com.testCases.JMB_TC_014 -->
