<?xml version="1.0" encoding="UTF-8"?>
<!-- Generated by org.testng.reporters.JUnitReportReporter -->
<testsuite skipped="0" hostname="DESKTOP-0BGE448" name="com.testCases.TC009" tests="1" failures="0" timestamp="24 Feb 2022 18:53:34 GMT" time="3.866" errors="0">
  <testcase name="SignUptest" time="3.866" classname="com.testCases.TC009"/>
</testsuite> <!-- com.testCases.TC009 -->
