<?xml version="1.0" encoding="UTF-8"?>
<!-- Generated by org.testng.reporters.JUnitReportReporter -->
<testsuite skipped="0" hostname="DESKTOP-0BGE448" name="com.testCases.TC10" tests="1" failures="0" timestamp="23 Feb 2022 18:56:43 GMT" time="3.245" errors="0">
  <testcase name="SignUptest" time="3.245" classname="com.testCases.TC10"/>
</testsuite> <!-- com.testCases.TC10 -->
