<?xml version="1.0" encoding="UTF-8"?>
<!-- Generated by org.testng.reporters.JUnitReportReporter -->
<testsuite skipped="0" hostname="DESKTOP-0BGE448" name="com.testCases.TC019" tests="1" failures="0" timestamp="24 Feb 2022 20:07:36 GMT" time="3.894" errors="0">
  <testcase name="SignUptest" time="3.894" classname="com.testCases.TC019"/>
</testsuite> <!-- com.testCases.TC019 -->
